<?xml version="1.0" encoding="UTF-8"?>
<testng-results ignored="0" total="1" passed="1" failed="0" skipped="0">
  <reporter-output>
  </reporter-output>
  <suite started-at="2021-01-30T23:07:36 IST" name="Default suite" finished-at="2021-01-30T23:07:42 IST" duration-ms="5777">
    <groups>
    </groups>
    <test started-at="2021-01-30T23:07:36 IST" name="Default test" finished-at="2021-01-30T23:07:42 IST" duration-ms="5777">
      <class name="Arjitaren.ExtentReport.ExtentReportDemo">
        <test-method is-config="true" signature="config()[pri:0, instance:Arjitaren.ExtentReport.ExtentReportDemo@28975c28]" started-at="2021-01-30T23:07:36 IST" name="config" finished-at="2021-01-30T23:07:37 IST" duration-ms="212" status="PASS">
          <reporter-output>
          </reporter-output>
        </test-method> <!-- config -->
        <test-method signature="initialdemo()[pri:0, instance:Arjitaren.ExtentReport.ExtentReportDemo@28975c28]" started-at="2021-01-30T23:07:37 IST" name="initialdemo" finished-at="2021-01-30T23:07:42 IST" duration-ms="5541" status="PASS">
          <reporter-output>
          </reporter-output>
        </test-method> <!-- initialdemo -->
      </class> <!-- Arjitaren.ExtentReport.ExtentReportDemo -->
    </test> <!-- Default test -->
  </suite> <!-- Default suite -->
</testng-results>
